<?xml version="1.0" encoding="UTF-8"?>
<!-- Generated by org.testng.reporters.JUnitReportReporter -->
<testsuite hostname="DESKTOP-KV2PL9Q" failures="0" tests="1" name="com.tests.AddToCart_Test" time="14.365" errors="0" timestamp="2022-11-02T16:54:45 IST" skipped="0">
  <testcase classname="com.tests.AddToCart_Test" name="addItemsToCart_Test" time="14.365"/>
  <system-out/>
</testsuite> <!-- com.tests.AddToCart_Test -->
