<?xml version="1.0" encoding="UTF-8"?>
<!-- Generated by org.testng.reporters.JUnitReportReporter -->
<testsuite hostname="DESKTOP-KV2PL9Q" failures="0" tests="1" name="com.tests.LoginTest_Report" time="6.554" errors="0" timestamp="2022-11-02T12:13:29 IST" skipped="0">
  <testcase classname="com.tests.LoginTest_Report" name="LoginTestReport" time="6.554"/>
  <system-out/>
</testsuite> <!-- com.tests.LoginTest_Report -->
